<?xml version="1.0" encoding="UTF-8"?>
<!-- Generated by org.testng.reporters.JUnitReportReporter -->
<testsuite hostname="NGL007973" name="com.qam.tests.LoginmTest$TestLoginPage" tests="1" failures="0" timestamp="30 May 2020 19:03:56 GMT" time="24.170" errors="0">
  <testcase name="loginsf" time="24.170" classname="com.qam.tests.LoginmTest$TestLoginPage"/>
</testsuite> <!-- com.qam.tests.LoginmTest$TestLoginPage -->
